<?xml version="1.0" encoding="UTF-8"?>
<!-- Generated by org.testng.reporters.JUnitReportReporter -->
<testsuite hostname="DESKTOP-FUJRL4L" failures="0" tests="1" name="testcacses.OpenBrowserAndURL" time="13.142" errors="0" timestamp="2023-09-17T23:45:47 IST" skipped="0">
  <testcase classname="testcacses.OpenBrowserAndURL" name="openBrowserAndURL" time="13.142"/>
  <system-out>
    <![CDATA[Click to see Screenshot
<a target="_blank" href=Sun_Sep_17_23_45_44_IST_2023.jpg>Screenshot</a>
<br>
<br>
<a target="_blank" href=Sun_Sep_17_23_45_44_IST_2023.jpg><img src=Sun_Sep_17_23_45_44_IST_2023.jpg height=200 width=200></img></a>
Click to see Screenshot
<a target="_blank" href=Sun_Sep_17_23_45_46_IST_2023.jpg>Screenshot</a>
<br>
<br>
<a target="_blank" href=Sun_Sep_17_23_45_46_IST_2023.jpg><img src=Sun_Sep_17_23_45_46_IST_2023.jpg height=200 width=200></img></a>]]>
  </system-out>
</testsuite> <!-- testcacses.OpenBrowserAndURL -->
