<?xml version="1.0" encoding="UTF-8"?>
<!-- Generated by org.testng.reporters.JUnitReportReporter -->
<testsuite hostname="DESKTOP-FUJRL4L" failures="0" tests="1" name="testcacses.OpenBrowserAndURL" time="13.923" errors="0" timestamp="2023-09-17T00:50:49 IST" skipped="0">
  <testcase classname="testcacses.OpenBrowserAndURL" name="openBrowserAndURL" time="13.923"/>
</testsuite> <!-- testcacses.OpenBrowserAndURL -->
