<?xml version="1.0" encoding="UTF-8"?>
<!-- Generated by org.testng.reporters.JUnitReportReporter -->
<testsuite hostname="DESKTOP-FUJRL4L" failures="0" tests="1" name="testcacses.OpenBrowserAndURL" time="12.539" errors="0" timestamp="2023-09-16T21:11:31 IST" skipped="0">
  <testcase classname="testcacses.OpenBrowserAndURL" name="openBrowserAndURL" time="12.539"/>
</testsuite> <!-- testcacses.OpenBrowserAndURL -->
