<?xml version="1.0" encoding="UTF-8"?>
<!-- Generated by org.testng.reporters.JUnitReportReporter -->
<testsuite hostname="DESKTOP-FUJRL4L" failures="0" tests="4" name="testcacses.TextBox_0001_Test" time="8.610" errors="0" timestamp="2023-09-16T21:11:31 IST" skipped="0">
  <testcase classname="testcacses.TextBox_0001_Test" name="textBox_Link_Click" time="1.317"/>
  <testcase classname="testcacses.TextBox_0001_Test" name="textBox_Fill_The_Form_And_Print" time="3.386"/>
  <testcase classname="testcacses.TextBox_0001_Test" name="textBox_Fill_The_Form_And_Print" time="3.210"/>
  <testcase classname="testcacses.TextBox_0001_Test" name="teardown" time="0.697"/>
</testsuite> <!-- testcacses.TextBox_0001_Test -->
